0 info it worked if it ends with ok
1 verbose cli [ 'C:\\Program Files\\nodejs\\node.exe',
1 verbose cli   'C:\\Program Files\\nodejs\\node_modules\\npm\\bin\\npm-cli.js',
1 verbose cli   'start' ]
2 info using npm@3.10.10
3 info using node@v6.11.4
4 verbose run-script [ 'prestart', 'start', 'poststart' ]
5 info lifecycle server@1.0.0~prestart: server@1.0.0
6 silly lifecycle server@1.0.0~prestart: no script for prestart, continuing
7 info lifecycle server@1.0.0~start: server@1.0.0
8 verbose lifecycle server@1.0.0~start: unsafe-perm in lifecycle true
9 verbose lifecycle server@1.0.0~start: PATH: C:\Program Files\nodejs\node_modules\npm\bin\node-gyp-bin;D:\Documents\School\Fall_2017\CS_3450\live-poll\server\node_modules\.bin;C:\ProgramData\Oracle\Java\javapath;C:\Program Files\Python35\Scripts\;C:\Program Files\Python35\;C:\Program Files (x86)\Razer Chroma SDK\bin;C:\Program Files\Razer Chroma SDK\bin;C:\WINDOWS\system32;C:\WINDOWS;C:\WINDOWS\System32\Wbem;C:\WINDOWS\System32\WindowsPowerShell\v1.0\;C:\WINDOWS\system32\config\systemprofile\AppData\Local\Microsoft\WindowsApps;C:\Users\Tyler\.dnx\bin;C:\Program Files\Microsoft DNX\Dnvm\;C:\Program Files\Microsoft SQL Server\130\Tools\Binn\;C:\Program Files\Git\cmd;C:\Python35;C:\Python35\Lib\site-packages\;C:\Python35\Scripts\;C:\Program Files (x86)\Windows Kits\10\Windows Performance Toolkit\;C:\Program Files\dotnet\;C:\Program Files (x86)\GtkSharp\2.12\bin;C:\opencv-3.1.0\opencv-3.1.0\mingw-builds\bin;C:\WINDOWS\system32;C:\WINDOWS;C:\WINDOWS\System32\Wbem;C:\WINDOWS\System32\WindowsPowerShell\v1.0\;C:\Program Files\MiKTeX 2.9\miktex\bin\x64\;C:\Program Files\nodejs\;C:\Users\Tyler\AppData\Local\Microsoft\WindowsApps;C:\Users\Tyler\AppData\Local\atom\bin;C:\Users\Tyler\AppData\Local\Microsoft\WindowsApps;C:\Users\Tyler\AppData\Roaming\npm
10 verbose lifecycle server@1.0.0~start: CWD: D:\Documents\School\Fall_2017\CS_3450\live-poll\server
11 silly lifecycle server@1.0.0~start: Args: [ '/d /s /c', 'nodemon server.js' ]
12 verbose stack Error: kill ENOSYS
12 verbose stack     at Object.exports._errnoException (util.js:1020:11)
12 verbose stack     at process.kill (internal/process.js:191:18)
12 verbose stack     at process.listener (C:\Program Files\nodejs\node_modules\npm\node_modules\npmlog\node_modules\gauge\node_modules\signal-exit\index.js:86:15)
12 verbose stack     at emitNone (events.js:91:20)
12 verbose stack     at process.emit (events.js:185:7)
12 verbose stack     at processEmit (C:\Program Files\nodejs\node_modules\npm\node_modules\npmlog\node_modules\gauge\node_modules\signal-exit\index.js:146:32)
12 verbose stack     at processEmit (C:\Program Files\nodejs\node_modules\npm\node_modules\npm-registry-client\node_modules\npmlog\node_modules\gauge\node_modules\signal-exit\index.js:146:32)
12 verbose stack     at Signal.wrap.onsignal (internal/process.js:217:44)
13 verbose cwd D:\Documents\School\Fall_2017\CS_3450\live-poll\server
14 error Windows_NT 10.0.15063
15 error argv "C:\\Program Files\\nodejs\\node.exe" "C:\\Program Files\\nodejs\\node_modules\\npm\\bin\\npm-cli.js" "start"
16 error node v6.11.4
17 error npm  v3.10.10
18 error code ENOSYS
19 error errno ENOSYS
20 error syscall kill
21 error kill ENOSYS
22 error If you need help, you may report this error at:
22 error     <https://github.com/npm/npm/issues>
23 verbose exit [ 1, true ]
